This is pdfTeX, Version 3.14159265-2.6-1.40.17 (TeX Live 2016) (preloaded format=pdflatex 2016.5.22)  28 AUG 2017 15:13
entering extended mode
 restricted \write18 enabled.
 %&-line parsing enabled.
**nddiss2e.dtx
(./nddiss2e.dtx
LaTeX2e <2016/03/31>
Babel <3.9r> and hyphenation patterns for 83 language(s) loaded.
File: nddiss2e.dtx 
(/usr/local/texlive/2016/texmf-dist/tex/latex/base/ltxdoc.cls
Document Class: ltxdoc 2015/03/26 v2.0w Standard LaTeX documentation class
(/usr/local/texlive/2016/texmf-dist/tex/latex/base/article.cls
Document Class: article 2014/09/29 v1.4h Standard LaTeX document class
(/usr/local/texlive/2016/texmf-dist/tex/latex/base/size10.clo
File: size10.clo 2014/09/29 v1.4h Standard LaTeX file (size option)
)
\c@part=\count79
\c@section=\count80
\c@subsection=\count81
\c@subsubsection=\count82
\c@paragraph=\count83
\c@subparagraph=\count84
\c@figure=\count85
\c@table=\count86
\abovecaptionskip=\skip41
\belowcaptionskip=\skip42
\bibindent=\dimen102
)
(/usr/local/texlive/2016/texmf-dist/tex/latex/base/doc.sty
Package: doc 2016/02/15 v2.1g Standard LaTeX documentation package (FMi)
\c@StandardModuleDepth=\count87
\guard@level=\count88
\MacrocodeTopsep=\skip43
\MacroIndent=\dimen103
\macro@cnt=\count89
\MacroTopsep=\skip44
\index@excludelist=\toks14

(/usr/local/texlive/2016/texmf-dist/tex/latex/tools/multicol.sty
Package: multicol 2016/04/07 v1.8p multicolumn formatting (FMi)
\c@tracingmulticols=\count90
\mult@box=\box26
\multicol@leftmargin=\dimen104
\c@unbalance=\count91
\c@collectmore=\count92
\doublecol@number=\count93
\multicoltolerance=\count94
\multicolpretolerance=\count95
\full@width=\dimen105
\page@free=\dimen106
\premulticols=\dimen107
\postmulticols=\dimen108
\multicolsep=\skip45
\multicolbaselineskip=\skip46
\partial@page=\box27
\last@line=\box28
\maxbalancingoverflow=\dimen109
\mult@rightbox=\box29
\mult@grightbox=\box30
\mult@gfirstbox=\box31
\mult@firstbox=\box32
\@tempa=\box33
\@tempa=\box34
\@tempa=\box35
\@tempa=\box36
\@tempa=\box37
\@tempa=\box38
\@tempa=\box39
\@tempa=\box40
\@tempa=\box41
\@tempa=\box42
\@tempa=\box43
\@tempa=\box44
\@tempa=\box45
\@tempa=\box46
\@tempa=\box47
\@tempa=\box48
\@tempa=\box49
\c@columnbadness=\count96
\c@finalcolumnbadness=\count97
\last@try=\dimen110
\multicolovershoot=\dimen111
\multicolundershoot=\dimen112
\mult@nat@firstbox=\box50
\colbreak@box=\box51
\mc@col@check@num=\count98
)
\IndexMin=\dimen113
\c@IndexColumns=\count99
\GlossaryMin=\dimen114
\c@GlossaryColumns=\count100
\check@sum=\count101
\bslash@cnt=\count102
\wrong@table=\toks15
\c@CodelineNo=\count103
))
\@glossaryfile=\write3
\openout3 = `nddiss2e.glo'.


Writing glossary file nddiss2e.glo 
(./nddiss2e.aux)
\openout1 = `nddiss2e.aux'.

LaTeX Font Info:    Checking defaults for OML/cmm/m/it on input line 67.
LaTeX Font Info:    ... okay on input line 67.
LaTeX Font Info:    Checking defaults for T1/cmr/m/n on input line 67.
LaTeX Font Info:    ... okay on input line 67.
LaTeX Font Info:    Checking defaults for OT1/cmr/m/n on input line 67.
LaTeX Font Info:    ... okay on input line 67.
LaTeX Font Info:    Checking defaults for OMS/cmsy/m/n on input line 67.
LaTeX Font Info:    ... okay on input line 67.
LaTeX Font Info:    Checking defaults for OMX/cmex/m/n on input line 67.
LaTeX Font Info:    ... okay on input line 67.
LaTeX Font Info:    Checking defaults for U/cmr/m/n on input line 67.
LaTeX Font Info:    ... okay on input line 67.
Package doc Info: Made | a short reference for \verb on input line 67.
 (./nddiss2e.dtx
***************************
* Character table correct *
***************************

LaTeX Font Warning: Font shape `OT1/cmss/m/sc' in size <17.28> not available
(Font)              Font shape `OT1/cmr/m/sc' tried instead on input line 82.

LaTeX Font Info:    External font `cmex10' loaded for size
(Font)              <17.28> on input line 82.
LaTeX Font Info:    External font `cmex10' loaded for size
(Font)              <12> on input line 82.
LaTeX Font Info:    External font `cmex10' loaded for size
(Font)              <8> on input line 82.
LaTeX Font Info:    External font `cmex10' loaded for size
(Font)              <6> on input line 82.
LaTeX Font Info:    External font `cmex10' loaded for size
(Font)              <5> on input line 82.

LaTeX Font Warning: Font shape `OT1/cmss/m/sc' in size <9> not available
(Font)              Font shape `OT1/cmr/m/sc' tried instead on input line 85.

LaTeX Font Info:    External font `cmex10' loaded for size
(Font)              <9> on input line 85.
(./nddiss2e.toc
LaTeX Font Info:    External font `cmex10' loaded for size
(Font)              <7> on input line 2.
 [1

{/usr/local/texlive/2016/texmf-var/fonts/map/pdftex/updmap/pdftex.map}])
\tf@toc=\write4
\openout4 = `nddiss2e.toc'.



LaTeX Font Warning: Font shape `OT1/cmss/m/sc' in size <10> not available
(Font)              Font shape `OT1/cmr/m/sc' tried instead on input line 99.

[2] [3]
Underfull \hbox (badness 4832) in paragraph at lines 249--249
[][][]\OT1/cmtt/m/n/8 nddiss2e.bst \OT1/cmr/m/n/8 is a slight mod-i-fi-ci-a-tio
n of []\OT1/cmtt/m/n/8 abbrvnat.bst \OT1/cmr/m/n/8 in the \OT1/cmss/m/n/8 nat-b
ib \OT1/cmr/m/n/8 pack-age;
 []


LaTeX Warning: Marginpar on page 4 moved.

[4]

LaTeX Warning: Marginpar on page 5 moved.


LaTeX Warning: Marginpar on page 5 moved.


LaTeX Warning: Marginpar on page 5 moved.


LaTeX Warning: Marginpar on page 5 moved.


Overfull \hbox (0.58119pt too wide) in paragraph at lines 309--314
[]\OT1/cmtt/m/n/10 \documentclass[final,twoadvisors,noinfo]{nddiss2e} \OT1/cmr/
m/n/10 would pro-duce a doc-
 []

[5] [6]
LaTeX Font Info:    Try loading font information for OMS+cmr on input line 440.

 (/usr/local/texlive/2016/texmf-dist/tex/latex/base/omscmr.fd
File: omscmr.fd 2014/09/29 v2.5h Standard LaTeX font definitions
)
LaTeX Font Info:    Font shape `OMS/cmr/m/n' in size <10> not available
(Font)              Font shape `OMS/cmsy/m/n' tried instead on input line 440.
LaTeX Font Info:    Font shape `OMS/cmtt/m/n' in size <9> not available
(Font)              Font shape `OMS/cmsy/m/n' tried instead on input line 440.
 [7]

LaTeX Font Warning: Font shape `OT1/cmss/m/sc' in size <8> not available
(Font)              Font shape `OT1/cmr/m/sc' tried instead on input line 461.


LaTeX Warning: Marginpar on page 8 moved.


LaTeX Warning: Marginpar on page 8 moved.

[8]

LaTeX Warning: Marginpar on page 9 moved.


LaTeX Warning: Marginpar on page 9 moved.


LaTeX Warning: Marginpar on page 9 moved.


LaTeX Warning: Marginpar on page 9 moved.


LaTeX Warning: Marginpar on page 9 moved.


LaTeX Warning: Marginpar on page 9 moved.

[9] [10] [11] [12]
Overfull \hbox (49.22224pt too wide) in paragraph at lines 741--764
[]$ $[]$ 
 []


Underfull \hbox (badness 10000) in paragraph at lines 789--793

 []

[13]
Underfull \hbox (badness 10000) in paragraph at lines 825--825
[][]\OT1/cmr/m/n/8 Most likely present in the same di-rec-tory as []\OT1/cmtt/m
/n/8 nddiss2e.cls \OT1/cmr/m/n/8 e.g. in
 []

[14] [15]
Overfull \hbox (90.36166pt too wide) in paragraph at lines 921--921
 [][]     \OT1/cmtt/m/n/9 Notre Dame Dissertation document class by Sameer Vija
y and updated by Megan Patnott^^J] 
 []

[16

] [17] [18] [19] [20] [21]
Overfull \hbox (28.93738pt too wide) in paragraph at lines 1372--1372
 [][]  \OT1/cmtt/m/n/9 specifying the ``{\upshape\ttfamily noinfo}'' option to 
the class invocation. 
 []


Overfull \hbox (0.5877pt too wide) in paragraph at lines 1372--1372
 [][]\OT1/cmtt/m/n/9 (i.e.,{\ttfamily{\textbackslash}documentclass[\ldots,noinf
o]\{nddiss2e\}} 
 []


Overfull \hbox (5.31265pt too wide) in paragraph at lines 1372--1372
 [][]    \OT1/cmtt/m/n/9 \upshape part of the dissertation/thesis. It should be
 disabled before 
 []


Overfull \hbox (5.31265pt too wide) in paragraph at lines 1372--1372
 [][]    \OT1/cmtt/m/n/9 making final, formal submission, but should be include
d in the version 
 []

[22]
Overfull \hbox (38.38727pt too wide) in paragraph at lines 1416--1416
 [][]  \OT1/cmtt/m/n/9 {Spepcify \protect\advisor\space It is who signs your wa
lking papers!}}{\relax} 
 []


Overfull \hbox (19.48749pt too wide) in paragraph at lines 1416--1416
 [][]  \OT1/cmtt/m/n/9 {Specify which \protect\department\space is awarding you
r degree?}}{\relax} 
 []

[23] [24] [25] [26] [27] [28] [29] [30] [31] [32] [33]
Overfull \hbox (5.61154pt too wide) in paragraph at lines 2061--2067
[]\OT1/cmr/m/n/9 For the []\OT1/cmtt/m/n/9 figure \OT1/cmr/m/n/9 en-vi-ron-ment
, first some skip lengths are set, then use []\OT1/cmtt/m/n/9 \@makefigurecapti
on
 []

[34] [35] [36]
Overfull \hbox (10.0376pt too wide) in paragraph at lines 2225--2225
 [][]    \OT1/cmtt/m/n/9 \ifdiss@review Review \else Draft \fi document [\today
\/ at \timenow\/] 
 []

[37] (./nddiss2e.gls [38])
*******************
* Checksum passed *
*******************
) (./nddiss2e.aux) ) 
Here is how much of TeX's memory you used:
 698 strings out of 493014
 8738 string characters out of 6133351
 72737 words of memory out of 5000000
 4276 multiletter control sequences out of 15000+600000
 14904 words of font info for 52 fonts, out of 8000000 for 9000
 1141 hyphenation exceptions out of 8191
 30i,9n,21p,374b,531s stack positions out of 5000i,500n,10000p,200000b,80000s
</usr/local/texlive/2016/texmf-dist/fonts/type1/public/amsf
onts/cm/cmbx10.pfb></usr/local/texlive/2016/texmf-dist/fonts/type1/public/amsfo
nts/cm/cmbx12.pfb></usr/local/texlive/2016/texmf-dist/fonts/type1/public/amsfon
ts/cm/cmbx9.pfb></usr/local/texlive/2016/texmf-dist/fonts/type1/public/amsfonts
/cm/cmcsc10.pfb></usr/local/texlive/2016/texmf-dist/fonts/type1/public/amsfonts
/cm/cmmi10.pfb></usr/local/texlive/2016/texmf-dist/fonts/type1/public/amsfonts/
cm/cmmi12.pfb></usr/local/texlive/2016/texmf-dist/fonts/type1/public/amsfonts/c
m/cmmi8.pfb></usr/local/texlive/2016/texmf-dist/fonts/type1/public/amsfonts/cm/
cmmi9.pfb></usr/local/texlive/2016/texmf-dist/fonts/type1/public/amsfonts/cm/cm
r10.pfb></usr/local/texlive/2016/texmf-dist/fonts/type1/public/amsfonts/cm/cmr1
2.pfb></usr/local/texlive/2016/texmf-dist/fonts/type1/public/amsfonts/cm/cmr17.
pfb></usr/local/texlive/2016/texmf-dist/fonts/type1/public/amsfonts/cm/cmr6.pfb
></usr/local/texlive/2016/texmf-dist/fonts/type1/public/amsfonts/cm/cmr7.pfb></
usr/local/texlive/2016/texmf-dist/fonts/type1/public/amsfonts/cm/cmr8.pfb></usr
/local/texlive/2016/texmf-dist/fonts/type1/public/amsfonts/cm/cmr9.pfb></usr/lo
cal/texlive/2016/texmf-dist/fonts/type1/public/amsfonts/cm/cmss10.pfb></usr/loc
al/texlive/2016/texmf-dist/fonts/type1/public/amsfonts/cm/cmss17.pfb></usr/loca
l/texlive/2016/texmf-dist/fonts/type1/public/amsfonts/cm/cmss8.pfb></usr/local/
texlive/2016/texmf-dist/fonts/type1/public/amsfonts/cm/cmss9.pfb></usr/local/te
xlive/2016/texmf-dist/fonts/type1/public/amsfonts/cm/cmsy10.pfb></usr/local/tex
live/2016/texmf-dist/fonts/type1/public/amsfonts/cm/cmsy6.pfb></usr/local/texli
ve/2016/texmf-dist/fonts/type1/public/amsfonts/cm/cmsy8.pfb></usr/local/texlive
/2016/texmf-dist/fonts/type1/public/amsfonts/cm/cmsy9.pfb></usr/local/texlive/2
016/texmf-dist/fonts/type1/public/amsfonts/cm/cmti10.pfb></usr/local/texlive/20
16/texmf-dist/fonts/type1/public/amsfonts/cm/cmti8.pfb></usr/local/texlive/2016
/texmf-dist/fonts/type1/public/amsfonts/cm/cmti9.pfb></usr/local/texlive/2016/t
exmf-dist/fonts/type1/public/amsfonts/cm/cmtt10.pfb></usr/local/texlive/2016/te
xmf-dist/fonts/type1/public/amsfonts/cm/cmtt8.pfb></usr/local/texlive/2016/texm
f-dist/fonts/type1/public/amsfonts/cm/cmtt9.pfb>
Output written on nddiss2e.pdf (38 pages, 404964 bytes).
PDF statistics:
 245 PDF objects out of 1000 (max. 8388607)
 174 compressed objects within 2 object streams
 0 named destinations out of 1000 (max. 500000)
 1 words of extra memory for PDF output out of 10000 (max. 10000000)

